{
  "stats": {
    "suites": 1,
    "tests": 6,
    "passes": 6,
    "pending": 0,
    "failures": 0,
    "start": "2022-05-28T13:06:43.921Z",
    "end": "2022-05-28T13:13:59.247Z",
    "duration": 435326,
    "testsRegistered": 6,
    "passPercent": 100,
    "pendingPercent": 0,
    "other": 0,
    "hasOther": false,
    "skipped": 0,
    "hasSkipped": false
  },
  "results": [
    {
      "uuid": "60f4eb67-a38f-456a-a452-a9aacc36c946",
      "title": "",
      "fullFile": "cypress/integration/saleyourcar/saleYourCarTestCase.spec.js",
      "file": "cypress/integration/saleyourcar/saleYourCarTestCase.spec.js",
      "beforeHooks": [],
      "afterHooks": [],
      "tests": [],
      "suites": [
        {
          "uuid": "9856bca1-2802-41d9-a2fb-94795e5e1f13",
          "title": "Verify the functionality of Sales Page (Sell Your Car)",
          "fullFile": "",
          "file": "",
          "beforeHooks": [],
          "afterHooks": [],
          "tests": [
            {
              "title": "Validate Licence Plate Entry Options",
              "fullTitle": "Verify the functionality of Sales Page (Sell Your Car) Validate Licence Plate Entry Options",
              "timedOut": null,
              "duration": 64411,
              "state": "passed",
              "speed": "slow",
              "pass": true,
              "fail": false,
              "pending": false,
              "context": null,
              "code": "headerElement.getSignIn().click({\n  force: true\n});\ncy.login(this.data.email, this.data.password);\nheaderElement.getSellYourCar().click({\n  force: true\n});\nsellYourCarPage.getByPlateOption().should('contain', 'License plate').click();\nsellYourCarPage.getPageTitle().should('contains', 'Cars.com');\nsellYourCarPage.getStartedButton().should('contain', 'Get started').and('be.visible');\nsellYourCarPage.getByVinOption().should('contain', 'VIN').and('be.visible');\nsellYourCarPage.getInputAreas().should('contain', 'License plate number').and('have.length', '2');\nsellYourCarPage.getStateValueOptions().should('have.length', '53');",
              "err": {},
              "uuid": "d62418cb-e3d6-410a-ac09-c09086b5de63",
              "parentUUID": "9856bca1-2802-41d9-a2fb-94795e5e1f13",
              "isHook": false,
              "skipped": false
            },
            {
              "title": "Validate Licence  Vin Entry Page Options",
              "fullTitle": "Verify the functionality of Sales Page (Sell Your Car) Validate Licence  Vin Entry Page Options",
              "timedOut": null,
              "duration": 57623,
              "state": "passed",
              "speed": "slow",
              "pass": true,
              "fail": false,
              "pending": false,
              "context": null,
              "code": "headerElement.getSignIn().click({\n  force: true\n});\ncy.login(this.data.email, this.data.password);\nheaderElement.getSellYourCar().click({\n  force: true\n});\nsellYourCarPage.getByVinOption().click({\n  force: true\n});\nsellYourCarPage.getByVinOption().should('contain', 'VIN').and('be.visible');\nsellYourCarPage.getVinNumberBox().next().should('contain', 'VIN').and('be.visible');\nsellYourCarPage.getStartedButton().should('contain', 'Get started').and('be.visible');",
              "err": {},
              "uuid": "aca321c1-dd6f-4051-addb-985a8ddbbf8a",
              "parentUUID": "9856bca1-2802-41d9-a2fb-94795e5e1f13",
              "isHook": false,
              "skipped": false
            },
            {
              "title": "Validate Wrong Plate Number Entry",
              "fullTitle": "Verify the functionality of Sales Page (Sell Your Car) Validate Wrong Plate Number Entry",
              "timedOut": null,
              "duration": 76497,
              "state": "passed",
              "speed": "slow",
              "pass": true,
              "fail": false,
              "pending": false,
              "context": null,
              "code": "headerElement.getSignIn().click({\n  force: true\n});\ncy.login(this.data.email, this.data.password);\nheaderElement.getSellYourCar().click({\n  force: true\n});\nsellYourCarPage.getByPlateOption().click({\n  force: true\n});\nsellYourCarPage.getLicencePlateNumberBox().type(this.data.license_Number, {\n  force: true\n});\nsellYourCarPage.getStateDropDown().select('CA');\nsellYourCarPage.getStartedButton().first().click({\n  force: true\n});\nsellYourCarPage.getNumberPlateErrorMessage().should('contain', 'Try searching by VIN');\nsellYourCarPage.getPageLink().should('contain', 'license_plate[number]');",
              "err": {},
              "uuid": "4dff6e2e-f738-4333-acdd-60a9b0a60cd7",
              "parentUUID": "9856bca1-2802-41d9-a2fb-94795e5e1f13",
              "isHook": false,
              "skipped": false
            },
            {
              "title": "Validate No State Entry Failure",
              "fullTitle": "Verify the functionality of Sales Page (Sell Your Car) Validate No State Entry Failure",
              "timedOut": null,
              "duration": 76560,
              "state": "passed",
              "speed": "slow",
              "pass": true,
              "fail": false,
              "pending": false,
              "context": null,
              "code": "headerElement.getSignIn().click({\n  force: true\n});\ncy.login(this.data.email, this.data.password);\nheaderElement.getSellYourCar().click({\n  force: true\n});\nsellYourCarPage.getByPlateOption().click({\n  force: true\n});\nsellYourCarPage.getLicencePlateNumberBox().type(this.data.license_Number, {\n  force: true\n});\nsellYourCarPage.getStateDropDown().select('');\nsellYourCarPage.getStartedButton().first().click({\n  force: true\n});\nsellYourCarPage.getPlateStateError().should('contain', 'Choose a state');\nsellYourCarPage.getPageLink().should('contain', 'license_plate[number]');",
              "err": {},
              "uuid": "a5ca1de5-5fa1-4195-8671-422001ae1f85",
              "parentUUID": "9856bca1-2802-41d9-a2fb-94795e5e1f13",
              "isHook": false,
              "skipped": false
            },
            {
              "title": "Validate Wrong VIN Entry",
              "fullTitle": "Verify the functionality of Sales Page (Sell Your Car) Validate Wrong VIN Entry",
              "timedOut": null,
              "duration": 78273,
              "state": "passed",
              "speed": "slow",
              "pass": true,
              "fail": false,
              "pending": false,
              "context": null,
              "code": "headerElement.getSignIn().click({\n  force: true\n});\ncy.login(this.data.email, this.data.password);\nheaderElement.getSellYourCar().click({\n  force: true\n});\nsellYourCarPage.getByVinOption().click({\n  force: true\n});\nsellYourCarPage.getVinNumberBox().type(this.data.Wrong_VIN);\nsellYourCarPage.getStartedButton().last().click({\n  force: true\n});\nsellYourCarPage.getVinErrorMessage().should('contain', 'Try searching by license plate');\nsellYourCarPage.getPageLink().should('contain', 'vin');",
              "err": {},
              "uuid": "35d0c50b-dae3-41bd-875a-c63525201539",
              "parentUUID": "9856bca1-2802-41d9-a2fb-94795e5e1f13",
              "isHook": false,
              "skipped": false
            },
            {
              "title": "Validate Correct VIN Entry",
              "fullTitle": "Verify the functionality of Sales Page (Sell Your Car) Validate Correct VIN Entry",
              "timedOut": null,
              "duration": 73794,
              "state": "passed",
              "speed": "slow",
              "pass": true,
              "fail": false,
              "pending": false,
              "context": null,
              "code": "headerElement.getSignIn().click({\n  force: true\n});\ncy.login(this.data.email, this.data.password);\nheaderElement.getSellYourCar().click({\n  force: true\n});\nsellYourCarPage.getByVinOption().click({\n  force: true\n});\nsellYourCarPage.getVinNumberBox().type(this.data.VIN_Number);\nsellYourCarPage.getStartedButton().last().click({\n  force: true\n});\nsellYourCarPage.getPageLink().should('contain', this.data.VIN_Number);\nsellYourCarPage.getPageHeading().should('contain', 'List your car');\nsellYourCarPage.getStyle().should('contain', 'Choose a style').and('be.visible');\nsellYourCarPage.getUserFirstNameBox().should('have.value', this.data.FirstName).and('be.disabled').and('be.visible');\nsellYourCarPage.getUserLastNameBox().should('have.value', this.data.LastName).and('be.disabled').and('be.visible');\nsellYourCarPage.getNextButton().should('contain', 'Next').and('be.visible');",
              "err": {},
              "uuid": "e36891ca-4f64-492f-8894-bd50d538404b",
              "parentUUID": "9856bca1-2802-41d9-a2fb-94795e5e1f13",
              "isHook": false,
              "skipped": false
            }
          ],
          "suites": [],
          "passes": [
            "d62418cb-e3d6-410a-ac09-c09086b5de63",
            "aca321c1-dd6f-4051-addb-985a8ddbbf8a",
            "4dff6e2e-f738-4333-acdd-60a9b0a60cd7",
            "a5ca1de5-5fa1-4195-8671-422001ae1f85",
            "35d0c50b-dae3-41bd-875a-c63525201539",
            "e36891ca-4f64-492f-8894-bd50d538404b"
          ],
          "failures": [],
          "pending": [],
          "skipped": [],
          "duration": 427158,
          "root": false,
          "rootEmpty": false,
          "_timeout": 2000
        }
      ],
      "passes": [],
      "failures": [],
      "pending": [],
      "skipped": [],
      "duration": 0,
      "root": true,
      "rootEmpty": true,
      "_timeout": 2000
    }
  ],
  "meta": {
    "mocha": {
      "version": "7.0.1"
    },
    "mochawesome": {
      "options": {
        "quiet": false,
        "reportFilename": "mochawesome",
        "saveHtml": true,
        "saveJson": true,
        "consoleReporter": "spec",
        "useInlineDiffs": false,
        "code": true
      },
      "version": "7.1.3"
    },
    "marge": {
      "options": {
        "charts": true,
        "html": true,
        "json": true,
        "overwrite": false
      },
      "version": "6.2.0"
    }
  }
}