{
  "stats": {
    "suites": 1,
    "tests": 2,
    "passes": 2,
    "pending": 0,
    "failures": 0,
    "start": "2022-05-27T04:57:32.043Z",
    "end": "2022-05-27T04:58:29.887Z",
    "duration": 57844,
    "testsRegistered": 2,
    "passPercent": 100,
    "pendingPercent": 0,
    "other": 0,
    "hasOther": false,
    "skipped": 0,
    "hasSkipped": false
  },
  "results": [
    {
      "uuid": "d04463df-2c4b-404b-93f9-96208db2be50",
      "title": "",
      "fullFile": "cypress/integration/servicesandrepairs/servicesTestCase.spec.js",
      "file": "cypress/integration/servicesandrepairs/servicesTestCase.spec.js",
      "beforeHooks": [],
      "afterHooks": [],
      "tests": [],
      "suites": [
        {
          "uuid": "ae9e1bef-dd17-41f6-b871-1e8a5fbe19a7",
          "title": "Verify the function of Services & Repairs page",
          "fullFile": "",
          "file": "",
          "beforeHooks": [],
          "afterHooks": [],
          "tests": [
            {
              "title": "Verify the page options",
              "fullTitle": "Verify the function of Services & Repairs page Verify the page options",
              "timedOut": null,
              "duration": 42647,
              "state": "passed",
              "speed": "slow",
              "pass": true,
              "fail": false,
              "pending": false,
              "context": null,
              "code": "headerElement.getSignIn().click({\n  force: true\n});\ncy.login(this.data.email, this.data.password);\nheaderElement.getServiceAndRepair().click({\n  force: true\n});\nservicesAndRepairs.getMakeDropdown().should('be.visible');\nservicesAndRepairs.getModelDropdown().should('be.visible');\nservicesAndRepairs.getYearDropdown().should('be.visible');\nservicesAndRepairs.getPageTitle().should('contain', 'Vehicle Service & Repair Center');\nservicesAndRepairs.getAdviceAndRecalls().should('have.length', '2');\nservicesAndRepairs.getAdviceAndRecalls().first().should('contain', 'Car safety & recalls');\nservicesAndRepairs.getAdviceAndRecalls().last().should('contain', 'Service & repair advice');\nservicesAndRepairs.getRecallLayout().should('have.length', '1');",
              "err": {},
              "uuid": "30da1974-e591-4bbc-b151-04c538541963",
              "parentUUID": "ae9e1bef-dd17-41f6-b871-1e8a5fbe19a7",
              "isHook": false,
              "skipped": false
            },
            {
              "title": "Verify Search for recalls",
              "fullTitle": "Verify the function of Services & Repairs page Verify Search for recalls",
              "timedOut": null,
              "duration": 11526,
              "state": "passed",
              "speed": "slow",
              "pass": true,
              "fail": false,
              "pending": false,
              "context": null,
              "code": "cy.searchRecall('Jeep', 'Wrangler', '2022');\nservicesAndRepairs.getPageTitle().should('contain', '2022 Jeep Wrangler Recalls');\nservicesAndRepairs.getPagelink().should('contain', 'recalls');",
              "err": {},
              "uuid": "7a95527b-b604-4386-9ccc-75fb1bf2e275",
              "parentUUID": "ae9e1bef-dd17-41f6-b871-1e8a5fbe19a7",
              "isHook": false,
              "skipped": false
            }
          ],
          "suites": [],
          "passes": [
            "30da1974-e591-4bbc-b151-04c538541963",
            "7a95527b-b604-4386-9ccc-75fb1bf2e275"
          ],
          "failures": [],
          "pending": [],
          "skipped": [],
          "duration": 54173,
          "root": false,
          "rootEmpty": false,
          "_timeout": 2000
        }
      ],
      "passes": [],
      "failures": [],
      "pending": [],
      "skipped": [],
      "duration": 0,
      "root": true,
      "rootEmpty": true,
      "_timeout": 2000
    }
  ],
  "meta": {
    "mocha": {
      "version": "7.0.1"
    },
    "mochawesome": {
      "options": {
        "quiet": false,
        "reportFilename": "mochawesome",
        "saveHtml": true,
        "saveJson": true,
        "consoleReporter": "spec",
        "useInlineDiffs": false,
        "code": true
      },
      "version": "7.1.3"
    },
    "marge": {
      "options": null,
      "version": "6.2.0"
    }
  }
}